Script gerado: database/script_completop.sql
Checksum corpo: 2c6da00c94bd9a9a9ef794535d8a210311a42b0a815707812ba49717ac5c9654
Migrations incluídas:
0001_initial_integrarp.sql
0003_flow_bpmn_core.sql
0004_flow_designer_web.sql
0006_faturamento_connect_outbox.sql
0007_bi_kpis_project_central.sql
0008_mobile_ai_mvp.sql
0009_studio_avancado_modulos_dinamicos.sql
0010_templates_operacionais_distribuicao_campo.sql
0011_hardening_indexes_observability.sql
0012_piloto_v1_final_adjustments.sql
0013_v11_scriptcompleto_forms_automation.sql
0014_v12_integracoes_fiscal_conciliacao_rotas_offline.sql
0014_v12_jornada_cliente_onboarding_ux.sql
0015_v13_funcionalidade_real_end_to_end.sql
0016_v14_postgres_repositories_operacional.sql
0017_v15_validacao_real_cruds_qa_deploy.sql
0018_v16_release_candidate_validation.sql
0019_v17_runtime_validation_and_green_pipeline.sql
0020_v18_funcionalidade_real_produto.sql
0020_v18_produto_funcional_cruds_telas_jornada.sql
0021_v19_demo_funcional_inserts_telas_jornada.sql
0021_v19_fix_scriptcompleto_inserts_demo_jornada.sql
0023_v113_consolidacao_funcional_maturidade.sql
0024_v114_consolidacao_operacional_seguranca.sql
0025_v117_auth_tasks_mobile_persistence.sql
0026_v118_auth_ux_task_hardening.sql
0027_v119_postgresql_standalone_flow_persistido.sql
